<?xml version="1.0" encoding="UTF-8"?>
<!-- Generated by org.testng.reporters.JUnitReportReporter -->
<testsuite skipped="0" hostname="GH-DTDYFH2" name="Test_Annotations" tests="3" failures="0" timestamp="24 Apr 2019 10:52:53 GMT" time="0.001" errors="0">
  <testcase name="verifyTestMethod" time="0.000" classname="Test_Annotations"/>
  <testcase name="veritySumForDouble" time="0.001" classname="Test_Annotations"/>
  <testcase name="veritySumForNegative" time="0.000" classname="Test_Annotations"/>
</testsuite> <!-- Test_Annotations -->
