<?xml version="1.0" encoding="UTF-8"?>
<!-- Generated by org.testng.reporters.JUnitReportReporter -->
<testsuite skipped="0" hostname="GH-DTDYFH2" name="Test_ParallelOne" tests="2" failures="0" timestamp="24 Apr 2019 10:52:53 GMT" time="0.018" errors="0">
  <testcase name="veritySumForDouble" time="0.009" classname="Test_ParallelOne"/>
  <testcase name="veritySumForNegative" time="0.009" classname="Test_ParallelOne"/>
</testsuite> <!-- Test_ParallelOne -->
